2024.06.27 20:14:16 INFO  Started: Metals version 1.0.1 in folders '/home/sushi/dev/dsa/java' for client Neovim 0.9.2.[0m
Jun 27, 2024 8:14:16 PM org.flywaydb.core.internal.license.VersionPrinter printVersionOnly
INFO: Flyway Community Edition 9.21.2 by Redgate
Jun 27, 2024 8:14:16 PM org.flywaydb.core.internal.license.VersionPrinter printVersion
INFO: See release notes here: https://rd.gt/416ObMi
Jun 27, 2024 8:14:16 PM org.flywaydb.core.internal.license.VersionPrinter printVersion
INFO: 
Jun 27, 2024 8:14:16 PM org.flywaydb.core.FlywayExecutor execute
INFO: Database: jdbc:h2:file:/home/sushi/dev/dsa/java/.metals/metals (H2 2.1)
Jun 27, 2024 8:14:16 PM org.flywaydb.core.internal.schemahistory.JdbcTableSchemaHistory allAppliedMigrations
INFO: Schema history table "PUBLIC"."flyway_schema_history" does not exist yet
Jun 27, 2024 8:14:16 PM org.flywaydb.core.internal.command.DbValidate validate
INFO: Successfully validated 4 migrations (execution time 00:00.010s)
Jun 27, 2024 8:14:16 PM org.flywaydb.core.internal.schemahistory.JdbcTableSchemaHistory create
INFO: Creating Schema History table "PUBLIC"."flyway_schema_history" ...
Jun 27, 2024 8:14:16 PM org.flywaydb.core.internal.command.DbMigrate migrateGroup
INFO: Current version of schema "PUBLIC": << Empty Schema >>
Jun 27, 2024 8:14:16 PM org.flywaydb.core.internal.command.DbMigrate doMigrateGroup
INFO: Migrating schema "PUBLIC" to version "1 - Create tables"
Jun 27, 2024 8:14:16 PM org.flywaydb.core.internal.command.DbMigrate doMigrateGroup
INFO: Migrating schema "PUBLIC" to version "2 - Server discovery"
Jun 27, 2024 8:14:16 PM org.flywaydb.core.internal.command.DbMigrate doMigrateGroup
INFO: Migrating schema "PUBLIC" to version "3 - Jar symbols"
Jun 27, 2024 8:14:16 PM org.flywaydb.core.internal.command.DbMigrate doMigrateGroup
INFO: Migrating schema "PUBLIC" to version "4 - Fingerprints"
Jun 27, 2024 8:14:16 PM org.flywaydb.core.internal.command.DbMigrate logSummary
INFO: Successfully applied 4 migrations to schema "PUBLIC", now at version v4 (execution time 00:00.018s)
2024.06.27 20:14:16 INFO  time: initialize in 0.46s[0m
2024.06.27 20:14:20 INFO  no build target found for /home/sushi/dev/dsa/java/src/main/java/sorts/MergeSort.java. Using presentation compiler with project's scala-library version: 3.3.0[0m
2024.06.27 20:14:20 WARN  Build server is not auto-connectable.[0m
2024.06.27 20:14:20 WARN  no build target for: /home/sushi/dev/dsa/java/src/main/java/sorts/MergeSort.java[0m
Jun 27, 2024 8:14:21 PM scala.meta.internal.pc.CompilerAccess handleError
SEVERE: A severe compiler error occurred, full details of the error can be found in the error report /home/sushi/dev/dsa/java/.metals/.reports/metals-full/2024-06-27/r_compiler-error_20-14-21-544
Jun 27, 2024 8:14:21 PM scala.meta.internal.pc.CompilerAccess handleError
SEVERE: A severe compiler error occurred, full details of the error can be found in the error report /home/sushi/dev/dsa/java/.metals/.reports/metals-full/2024-06-27/r_compiler-error_20-14-21-648
2024.06.27 20:59:15 INFO  Shutting down server[0m
2024.06.27 20:59:15 INFO  shutting down Metals[0m
